<?xml version="1.0" encoding="UTF-8"?>
<!-- Generated by org.testng.reporters.JUnitXMLReporter -->
<testsuite ignored="1" hostname="User" failures="0" tests="2" name="Include Exclude Understanding" time="25.071" errors="0" timestamp="2022-11-12T09:34:35 EST">
  <testcase classname="testNGbasics.IncludeExcludeKeywordsXML" name="accountListLinkFunctionalityTest" time="2.154"/>
  <testcase classname="testNGbasics.IncludeExcludeKeywordsXML" name="negativeLoginFunctionalityTest" time="4.766"/>
  <testcase classname="testNGbasics.IncludeExcludeKeywordsXML" name="searchFunctionality" time="0.0">
    <ignored/>
  </testcase> <!-- searchFunctionality -->
</testsuite> <!-- Include Exclude Understanding -->
