<?xml version="1.0" encoding="UTF-8"?>
<!-- Generated by org.testng.reporters.JUnitXMLReporter -->
<testsuite ignored="1" hostname="User" failures="0" tests="2" name="Test" time="54.301" errors="0" timestamp="2022-10-29T11:19:31 EDT">
  <testcase classname="testNGbasics.ParametrizedXMLunderstanding" name="accountListLinkFunctionalityTest" time="3.421"/>
  <testcase classname="testNGbasics.ParametrizedXMLunderstanding" name="negativeLoginFunctionalityTest" time="7.344"/>
  <testcase classname="testNGbasics.ParametrizedXMLunderstanding" name="searchFunctionality" time="0.0">
    <ignored/>
  </testcase> <!-- searchFunctionality -->
</testsuite> <!-- Test -->
