<?xml version="1.0" encoding="UTF-8"?>
<!-- Generated by org.testng.reporters.JUnitXMLReporter -->
<testsuite ignored="4" hostname="User" failures="0" tests="2" name="Integration Test" time="22.855" errors="0" timestamp="2022-11-12T09:53:12 EST">
  <testcase classname="testNGbasics.ParametrizedXMLunderstanding" name="accountListLinkFunctionalityTest" time="1.989"/>
  <testcase classname="testNGbasics.ParametrizedXMLunderstanding" name="negativeLoginFunctionalityTest" time="5.574"/>
  <testcase classname="testNGbasics.IncludeExcludeKeywordsXML" name="searchFunctionality" time="0.0">
    <ignored/>
  </testcase> <!-- searchFunctionality -->
  <testcase classname="testNGbasics.ParametrizedXMLunderstanding" name="searchFunctionality" time="0.0">
    <ignored/>
  </testcase> <!-- searchFunctionality -->
  <testcase classname="testNGbasics.IncludeExcludeKeywordsXML" name="accountListLinkFunctionalityTest" time="0.0">
    <ignored/>
  </testcase> <!-- accountListLinkFunctionalityTest -->
  <testcase classname="testNGbasics.IncludeExcludeKeywordsXML" name="negativeLoginFunctionalityTest" time="0.0">
    <ignored/>
  </testcase> <!-- negativeLoginFunctionalityTest -->
</testsuite> <!-- Integration Test -->
