<?xml version="1.0" encoding="UTF-8"?>
<!-- Generated by org.testng.reporters.JUnitXMLReporter -->
<testsuite ignored="4" hostname="User" failures="0" tests="2" name="Smoke Test" time="33.363" errors="0" timestamp="2022-11-12T09:52:49 EST">
  <testcase classname="testNGbasics.ParametrizedXMLunderstanding" name="accountListLinkFunctionalityTest" time="2.274"/>
  <testcase classname="testNGbasics.IncludeExcludeKeywordsXML" name="accountListLinkFunctionalityTest" time="1.766"/>
  <testcase classname="testNGbasics.ParametrizedXMLunderstanding" name="negativeLoginFunctionalityTest" time="0.0">
    <ignored/>
  </testcase> <!-- negativeLoginFunctionalityTest -->
  <testcase classname="testNGbasics.IncludeExcludeKeywordsXML" name="searchFunctionality" time="0.0">
    <ignored/>
  </testcase> <!-- searchFunctionality -->
  <testcase classname="testNGbasics.ParametrizedXMLunderstanding" name="searchFunctionality" time="0.0">
    <ignored/>
  </testcase> <!-- searchFunctionality -->
  <testcase classname="testNGbasics.IncludeExcludeKeywordsXML" name="negativeLoginFunctionalityTest" time="0.0">
    <ignored/>
  </testcase> <!-- negativeLoginFunctionalityTest -->
</testsuite> <!-- Smoke Test -->
